<?xml version="1.0" encoding="utf-8"?>
<coverage line-rate="0.9217" branch-rate="0.9473" version="1.9" timestamp="1654976110" lines-covered="436" lines-valid="473" branches-covered="108" branches-valid="114">
  <sources>
    <source>/Users/birajpoddar/Downloads/csharp-starter-kit/GeekTrust/</source>
  </sources>
  <packages>
    <package name="geektrust" line-rate="0.9217" branch-rate="0.9473" complexity="146">
      <classes>
        <class name="GeekTrust.Program" filename="Program.cs" line-rate="0.9767" branch-rate="0.5" complexity="7">
          <methods>
            <method name="get_ErrorMessages" signature="()" line-rate="1" branch-rate="1" complexity="1">
              <lines>
                <line number="21" hits="96" branch="False" />
              </lines>
            </method>
            <method name="set_ErrorMessages" signature="(System.Collections.Generic.List`1&lt;System.String&gt;)" line-rate="1" branch-rate="1" complexity="1">
              <lines>
                <line number="22" hits="51" branch="False" />
              </lines>
            </method>
            <method name="get_SuccessMessages" signature="()" line-rate="1" branch-rate="1" complexity="1">
              <lines>
                <line number="26" hits="51" branch="False" />
              </lines>
            </method>
            <method name="set_SuccessMessages" signature="(System.Collections.Generic.List`1&lt;System.String&gt;)" line-rate="1" branch-rate="1" complexity="1">
              <lines>
                <line number="27" hits="51" branch="False" />
              </lines>
            </method>
            <method name="Main" signature="(System.String[])" line-rate="0.9444" branch-rate="0.5" complexity="2">
              <lines>
                <line number="32" hits="17" branch="False" />
                <line number="34" hits="17" branch="False" />
                <line number="36" hits="17" branch="True" condition-coverage="50% (1/2)">
                  <conditions>
                    <condition number="12" type="jump" coverage="50%" />
                  </conditions>
                </line>
                <line number="37" hits="17" branch="False" />
                <line number="39" hits="0" branch="False" />
                <line number="42" hits="17" branch="False" />
                <line number="45" hits="17" branch="False" />
                <line number="48" hits="17" branch="False" />
                <line number="51" hits="17" branch="False" />
                <line number="54" hits="2" branch="False" />
                <line number="57" hits="2" branch="False" />
                <line number="58" hits="2" branch="False" />
                <line number="59" hits="15" branch="False" />
                <line number="60" hits="15" branch="False" />
                <line number="61" hits="15" branch="False" />
                <line number="62" hits="15" branch="False" />
                <line number="63" hits="15" branch="False" />
                <line number="64" hits="17" branch="False" />
              </lines>
            </method>
            <method name="ServiceBuilder" signature="()" line-rate="1" branch-rate="1" complexity="1">
              <lines>
                <line number="68" hits="17" branch="False" />
                <line number="69" hits="17" branch="False" />
                <line number="73" hits="17" branch="False" />
                <line number="74" hits="17" branch="False" />
                <line number="75" hits="17" branch="False" />
                <line number="76" hits="17" branch="False" />
                <line number="77" hits="34" branch="False" />
                <line number="78" hits="17" branch="False" />
                <line number="79" hits="17" branch="False" />
                <line number="80" hits="17" branch="False" />
                <line number="81" hits="34" branch="False" />
                <line number="82" hits="17" branch="False" />
                <line number="83" hits="17" branch="False" />
                <line number="84" hits="17" branch="False" />
                <line number="85" hits="17" branch="False" />
                <line number="86" hits="17" branch="False" />
                <line number="87" hits="17" branch="False" />
                <line number="88" hits="17" branch="False" />
                <line number="91" hits="17" branch="False" />
                <line number="94" hits="17" branch="False" />
                <line number="95" hits="17" branch="False" />
              </lines>
            </method>
          </methods>
          <lines>
            <line number="21" hits="96" branch="False" />
            <line number="22" hits="51" branch="False" />
            <line number="26" hits="51" branch="False" />
            <line number="27" hits="51" branch="False" />
            <line number="32" hits="17" branch="False" />
            <line number="34" hits="17" branch="False" />
            <line number="36" hits="17" branch="True" condition-coverage="50% (1/2)">
              <conditions>
                <condition number="12" type="jump" coverage="50%" />
              </conditions>
            </line>
            <line number="37" hits="17" branch="False" />
            <line number="39" hits="0" branch="False" />
            <line number="42" hits="17" branch="False" />
            <line number="45" hits="17" branch="False" />
            <line number="48" hits="17" branch="False" />
            <line number="51" hits="17" branch="False" />
            <line number="54" hits="2" branch="False" />
            <line number="57" hits="2" branch="False" />
            <line number="58" hits="2" branch="False" />
            <line number="59" hits="15" branch="False" />
            <line number="60" hits="15" branch="False" />
            <line number="61" hits="15" branch="False" />
            <line number="62" hits="15" branch="False" />
            <line number="63" hits="15" branch="False" />
            <line number="64" hits="17" branch="False" />
            <line number="68" hits="17" branch="False" />
            <line number="69" hits="17" branch="False" />
            <line number="73" hits="17" branch="False" />
            <line number="74" hits="17" branch="False" />
            <line number="75" hits="17" branch="False" />
            <line number="76" hits="17" branch="False" />
            <line number="77" hits="34" branch="False" />
            <line number="78" hits="17" branch="False" />
            <line number="79" hits="17" branch="False" />
            <line number="80" hits="17" branch="False" />
            <line number="81" hits="34" branch="False" />
            <line number="82" hits="17" branch="False" />
            <line number="83" hits="17" branch="False" />
            <line number="84" hits="17" branch="False" />
            <line number="85" hits="17" branch="False" />
            <line number="86" hits="17" branch="False" />
            <line number="87" hits="17" branch="False" />
            <line number="88" hits="17" branch="False" />
            <line number="91" hits="17" branch="False" />
            <line number="94" hits="17" branch="False" />
            <line number="95" hits="17" branch="False" />
          </lines>
        </class>
        <class name="GeekTrust.Utils.DataSeeder" filename="Utils/DataSeeder.cs" line-rate="0.84" branch-rate="1" complexity="5">
          <methods>
            <method name="SeedPlans" signature="()" line-rate="0.8571" branch-rate="1" complexity="2">
              <lines>
                <line number="22" hits="17" branch="False" />
                <line number="24" hits="17" branch="False" />
                <line number="25" hits="17" branch="True" condition-coverage="100% (2/2)">
                  <conditions>
                    <condition number="23" type="jump" coverage="100%" />
                  </conditions>
                </line>
                <line number="26" hits="1" branch="False" />
                <line number="28" hits="1" branch="False" />
                <line number="29" hits="1" branch="False" />
                <line number="30" hits="1" branch="False" />
                <line number="31" hits="1" branch="False" />
                <line number="32" hits="1" branch="False" />
                <line number="35" hits="1" branch="False" />
                <line number="36" hits="1" branch="False" />
                <line number="37" hits="1" branch="False" />
                <line number="38" hits="1" branch="False" />
                <line number="39" hits="1" branch="False" />
                <line number="42" hits="1" branch="False" />
                <line number="43" hits="1" branch="False" />
                <line number="44" hits="1" branch="False" />
                <line number="45" hits="1" branch="False" />
                <line number="46" hits="1" branch="False" />
                <line number="49" hits="1" branch="False" />
                <line number="50" hits="1" branch="False" />
                <line number="51" hits="1" branch="False" />
                <line number="53" hits="17" branch="False" />
                <line number="55" hits="0" branch="False" />
                <line number="56" hits="0" branch="False" />
                <line number="58" hits="0" branch="False" />
                <line number="60" hits="0" branch="False" />
                <line number="62" hits="17" branch="False" />
              </lines>
            </method>
            <method name="SeedTopups" signature="()" line-rate="0.7646999999999999" branch-rate="1" complexity="2">
              <lines>
                <line number="65" hits="17" branch="False" />
                <line number="67" hits="17" branch="False" />
                <line number="68" hits="17" branch="True" condition-coverage="100% (2/2)">
                  <conditions>
                    <condition number="23" type="jump" coverage="100%" />
                  </conditions>
                </line>
                <line number="69" hits="1" branch="False" />
                <line number="71" hits="1" branch="False" />
                <line number="72" hits="1" branch="False" />
                <line number="73" hits="1" branch="False" />
                <line number="74" hits="1" branch="False" />
                <line number="77" hits="1" branch="False" />
                <line number="78" hits="1" branch="False" />
                <line number="79" hits="1" branch="False" />
                <line number="81" hits="17" branch="False" />
                <line number="83" hits="0" branch="False" />
                <line number="84" hits="0" branch="False" />
                <line number="86" hits="0" branch="False" />
                <line number="88" hits="0" branch="False" />
                <line number="90" hits="17" branch="False" />
              </lines>
            </method>
            <method name=".ctor" signature="(GeekTrust.Models.DoReMiContext,Microsoft.Extensions.Logging.ILogger`1&lt;GeekTrust.Utils.DataSeeder&gt;)" line-rate="1" branch-rate="1" complexity="1">
              <lines>
                <line number="15" hits="17" branch="False" />
                <line number="16" hits="17" branch="False" />
                <line number="17" hits="17" branch="False" />
                <line number="18" hits="17" branch="False" />
                <line number="19" hits="17" branch="False" />
              </lines>
            </method>
          </methods>
          <lines>
            <line number="22" hits="17" branch="False" />
            <line number="24" hits="17" branch="False" />
            <line number="25" hits="17" branch="True" condition-coverage="100% (2/2)">
              <conditions>
                <condition number="23" type="jump" coverage="100%" />
              </conditions>
            </line>
            <line number="26" hits="1" branch="False" />
            <line number="28" hits="1" branch="False" />
            <line number="29" hits="1" branch="False" />
            <line number="30" hits="1" branch="False" />
            <line number="31" hits="1" branch="False" />
            <line number="32" hits="1" branch="False" />
            <line number="35" hits="1" branch="False" />
            <line number="36" hits="1" branch="False" />
            <line number="37" hits="1" branch="False" />
            <line number="38" hits="1" branch="False" />
            <line number="39" hits="1" branch="False" />
            <line number="42" hits="1" branch="False" />
            <line number="43" hits="1" branch="False" />
            <line number="44" hits="1" branch="False" />
            <line number="45" hits="1" branch="False" />
            <line number="46" hits="1" branch="False" />
            <line number="49" hits="1" branch="False" />
            <line number="50" hits="1" branch="False" />
            <line number="51" hits="1" branch="False" />
            <line number="53" hits="17" branch="False" />
            <line number="55" hits="0" branch="False" />
            <line number="56" hits="0" branch="False" />
            <line number="58" hits="0" branch="False" />
            <line number="60" hits="0" branch="False" />
            <line number="62" hits="17" branch="False" />
            <line number="65" hits="17" branch="False" />
            <line number="67" hits="17" branch="False" />
            <line number="68" hits="17" branch="True" condition-coverage="100% (2/2)">
              <conditions>
                <condition number="23" type="jump" coverage="100%" />
              </conditions>
            </line>
            <line number="69" hits="1" branch="False" />
            <line number="71" hits="1" branch="False" />
            <line number="72" hits="1" branch="False" />
            <line number="73" hits="1" branch="False" />
            <line number="74" hits="1" branch="False" />
            <line number="77" hits="1" branch="False" />
            <line number="78" hits="1" branch="False" />
            <line number="79" hits="1" branch="False" />
            <line number="81" hits="17" branch="False" />
            <line number="83" hits="0" branch="False" />
            <line number="84" hits="0" branch="False" />
            <line number="86" hits="0" branch="False" />
            <line number="88" hits="0" branch="False" />
            <line number="90" hits="17" branch="False" />
            <line number="15" hits="17" branch="False" />
            <line number="16" hits="17" branch="False" />
            <line number="17" hits="17" branch="False" />
            <line number="18" hits="17" branch="False" />
            <line number="19" hits="17" branch="False" />
          </lines>
        </class>
        <class name="GeekTrust.Utils.ProgramHelper" filename="Utils/ProgramHelper.cs" line-rate="0.98" branch-rate="0.5" complexity="6">
          <methods>
            <method name="SeedData" signature="()" line-rate="1" branch-rate="1" complexity="1">
              <lines>
                <line number="41" hits="17" branch="False" />
                <line number="43" hits="17" branch="False" />
                <line number="44" hits="17" branch="False" />
                <line number="47" hits="17" branch="False" />
                <line number="48" hits="17" branch="False" />
                <line number="49" hits="17" branch="False" />
              </lines>
            </method>
            <method name="DeserializeInput" signature="(System.String)" line-rate="1" branch-rate="1" complexity="1">
              <lines>
                <line number="53" hits="17" branch="False" />
                <line number="55" hits="17" branch="False" />
                <line number="56" hits="15" branch="False" />
                <line number="57" hits="17" branch="False" />
                <line number="58" hits="15" branch="False" />
                <line number="59" hits="17" branch="False" />
                <line number="60" hits="17" branch="False" />
                <line number="61" hits="15" branch="False" />
                <line number="62" hits="17" branch="False" />
                <line number="65" hits="17" branch="False" />
                <line number="68" hits="16" branch="False" />
                <line number="71" hits="16" branch="False" />
                <line number="74" hits="16" branch="False" />
                <line number="75" hits="15" branch="False" />
                <line number="76" hits="11" branch="False" />
                <line number="77" hits="7" branch="False" />
                <line number="78" hits="4" branch="False" />
                <line number="81" hits="2" branch="False" />
                <line number="82" hits="2" branch="False" />
              </lines>
            </method>
            <method name="CalculateSubscriptionRenewalDateAmount" signature="(GeekTrust.Models.Request)" line-rate="0.8571" branch-rate="0.5" complexity="2">
              <lines>
                <line number="86" hits="2" branch="False" />
                <line number="88" hits="2" branch="False" />
                <line number="91" hits="2" branch="False" />
                <line number="94" hits="2" branch="True" condition-coverage="50% (1/2)">
                  <conditions>
                    <condition number="49" type="jump" coverage="50%" />
                  </conditions>
                </line>
                <line number="95" hits="2" branch="False" />
                <line number="97" hits="0" branch="False" />
                <line number="98" hits="2" branch="False" />
              </lines>
            </method>
            <method name=".ctor" signature="(GeekTrust.Repositories.IRequestCategorizer,GeekTrust.Repositories.IRequestValidator,GeekTrust.Repositories.IRequestDeserializer,GeekTrust.Repositories.IDataSeeder,GeekTrust.Repositories.IDataViewer,GeekTrust.Repositories.ISubscriptionCalculator,Microsoft.Extensions.Logging.ILogger`1&lt;GeekTrust.Utils.ProgramHelper&gt;)" line-rate="1" branch-rate="1" complexity="1">
              <lines>
                <line number="21" hits="17" branch="False" />
                <line number="22" hits="17" branch="False" />
                <line number="23" hits="17" branch="False" />
                <line number="24" hits="17" branch="False" />
                <line number="25" hits="17" branch="False" />
                <line number="26" hits="17" branch="False" />
                <line number="27" hits="17" branch="False" />
                <line number="28" hits="17" branch="False" />
                <line number="29" hits="17" branch="False" />
                <line number="30" hits="17" branch="False" />
                <line number="31" hits="17" branch="False" />
                <line number="32" hits="17" branch="False" />
                <line number="33" hits="17" branch="False" />
                <line number="34" hits="17" branch="False" />
                <line number="35" hits="17" branch="False" />
                <line number="36" hits="17" branch="False" />
                <line number="37" hits="17" branch="False" />
              </lines>
            </method>
            <method name=".cctor" signature="()" line-rate="1" branch-rate="1" complexity="1">
              <lines>
                <line number="19" hits="1" branch="False" />
              </lines>
            </method>
          </methods>
          <lines>
            <line number="41" hits="17" branch="False" />
            <line number="43" hits="17" branch="False" />
            <line number="44" hits="17" branch="False" />
            <line number="47" hits="17" branch="False" />
            <line number="48" hits="17" branch="False" />
            <line number="49" hits="17" branch="False" />
            <line number="53" hits="17" branch="False" />
            <line number="55" hits="17" branch="False" />
            <line number="56" hits="15" branch="False" />
            <line number="57" hits="17" branch="False" />
            <line number="58" hits="15" branch="False" />
            <line number="59" hits="17" branch="False" />
            <line number="60" hits="17" branch="False" />
            <line number="61" hits="15" branch="False" />
            <line number="62" hits="17" branch="False" />
            <line number="65" hits="17" branch="False" />
            <line number="68" hits="16" branch="False" />
            <line number="71" hits="16" branch="False" />
            <line number="74" hits="16" branch="False" />
            <line number="75" hits="15" branch="False" />
            <line number="76" hits="11" branch="False" />
            <line number="77" hits="7" branch="False" />
            <line number="78" hits="4" branch="False" />
            <line number="81" hits="2" branch="False" />
            <line number="82" hits="2" branch="False" />
            <line number="86" hits="2" branch="False" />
            <line number="88" hits="2" branch="False" />
            <line number="91" hits="2" branch="False" />
            <line number="94" hits="2" branch="True" condition-coverage="50% (1/2)">
              <conditions>
                <condition number="49" type="jump" coverage="50%" />
              </conditions>
            </line>
            <line number="95" hits="2" branch="False" />
            <line number="97" hits="0" branch="False" />
            <line number="98" hits="2" branch="False" />
            <line number="21" hits="17" branch="False" />
            <line number="22" hits="17" branch="False" />
            <line number="23" hits="17" branch="False" />
            <line number="24" hits="17" branch="False" />
            <line number="25" hits="17" branch="False" />
            <line number="26" hits="17" branch="False" />
            <line number="27" hits="17" branch="False" />
            <line number="28" hits="17" branch="False" />
            <line number="29" hits="17" branch="False" />
            <line number="30" hits="17" branch="False" />
            <line number="31" hits="17" branch="False" />
            <line number="32" hits="17" branch="False" />
            <line number="33" hits="17" branch="False" />
            <line number="34" hits="17" branch="False" />
            <line number="35" hits="17" branch="False" />
            <line number="36" hits="17" branch="False" />
            <line number="37" hits="17" branch="False" />
            <line number="19" hits="1" branch="False" />
          </lines>
        </class>
        <class name="GeekTrust.Utils.UtilityFunctions" filename="Utils/UtilityFunctions.cs" line-rate="0.96" branch-rate="0.875" complexity="8">
          <methods>
            <method name="TransformStringToDate" signature="(System.String)" line-rate="1" branch-rate="1" complexity="2">
              <lines>
                <line number="11" hits="14" branch="False" />
                <line number="13" hits="14" branch="False" />
                <line number="14" hits="14" branch="False" />
                <line number="15" hits="14" branch="False" />
                <line number="16" hits="14" branch="False" />
                <line number="17" hits="14" branch="False" />
                <line number="20" hits="14" branch="True" condition-coverage="100% (2/2)">
                  <conditions>
                    <condition number="24" type="jump" coverage="100%" />
                  </conditions>
                </line>
                <line number="21" hits="13" branch="False" />
                <line number="24" hits="1" branch="False" />
                <line number="25" hits="14" branch="False" />
              </lines>
            </method>
            <method name="TransformStringToArray" signature="(System.String)" line-rate="0.8332999999999999" branch-rate="0.5" complexity="2">
              <lines>
                <line number="29" hits="93" branch="False" />
                <line number="31" hits="93" branch="True" condition-coverage="50% (1/2)">
                  <conditions>
                    <condition number="7" type="jump" coverage="50%" />
                  </conditions>
                </line>
                <line number="32" hits="93" branch="False" />
                <line number="33" hits="93" branch="False" />
                <line number="37" hits="0" branch="False" />
                <line number="38" hits="93" branch="False" />
              </lines>
            </method>
            <method name="PrintStringList" signature="(System.Collections.Generic.List`1&lt;System.String&gt;)" line-rate="1" branch-rate="1" complexity="4">
              <lines>
                <line number="42" hits="17" branch="False" />
                <line number="44" hits="17" branch="True" condition-coverage="100% (2/2)">
                  <conditions>
                    <condition number="7" type="jump" coverage="100%" />
                  </conditions>
                </line>
                <line number="45" hits="17" branch="False" />
                <line number="47" hits="99" branch="True" condition-coverage="100% (2/2)">
                  <conditions>
                    <condition number="44" type="jump" coverage="100%" />
                  </conditions>
                </line>
                <line number="48" hits="24" branch="False" />
                <line number="50" hits="24" branch="False" />
                <line number="51" hits="24" branch="False" />
                <line number="52" hits="17" branch="False" />
                <line number="53" hits="17" branch="False" />
              </lines>
            </method>
          </methods>
          <lines>
            <line number="11" hits="14" branch="False" />
            <line number="13" hits="14" branch="False" />
            <line number="14" hits="14" branch="False" />
            <line number="15" hits="14" branch="False" />
            <line number="16" hits="14" branch="False" />
            <line number="17" hits="14" branch="False" />
            <line number="20" hits="14" branch="True" condition-coverage="100% (2/2)">
              <conditions>
                <condition number="24" type="jump" coverage="100%" />
              </conditions>
            </line>
            <line number="21" hits="13" branch="False" />
            <line number="24" hits="1" branch="False" />
            <line number="25" hits="14" branch="False" />
            <line number="29" hits="93" branch="False" />
            <line number="31" hits="93" branch="True" condition-coverage="50% (1/2)">
              <conditions>
                <condition number="7" type="jump" coverage="50%" />
              </conditions>
            </line>
            <line number="32" hits="93" branch="False" />
            <line number="33" hits="93" branch="False" />
            <line number="37" hits="0" branch="False" />
            <line number="38" hits="93" branch="False" />
            <line number="42" hits="17" branch="False" />
            <line number="44" hits="17" branch="True" condition-coverage="100% (2/2)">
              <conditions>
                <condition number="7" type="jump" coverage="100%" />
              </conditions>
            </line>
            <line number="45" hits="17" branch="False" />
            <line number="47" hits="99" branch="True" condition-coverage="100% (2/2)">
              <conditions>
                <condition number="44" type="jump" coverage="100%" />
              </conditions>
            </line>
            <line number="48" hits="24" branch="False" />
            <line number="50" hits="24" branch="False" />
            <line number="51" hits="24" branch="False" />
            <line number="52" hits="17" branch="False" />
            <line number="53" hits="17" branch="False" />
          </lines>
        </class>
        <class name="GeekTrust.Services.DataViewer" filename="Services/DataViewer.cs" line-rate="1" branch-rate="1" complexity="5">
          <methods>
            <method name="ViewPlans" signature="()" line-rate="1" branch-rate="1" complexity="2">
              <lines>
                <line number="22" hits="17" branch="False" />
                <line number="23" hits="17" branch="False" />
                <line number="24" hits="357" branch="True" condition-coverage="100% (2/2)">
                  <conditions>
                    <condition number="220" type="jump" coverage="100%" />
                  </conditions>
                </line>
                <line number="25" hits="153" branch="False" />
                <line number="26" hits="153" branch="False" />
                <line number="27" hits="153" branch="False" />
                <line number="28" hits="17" branch="False" />
                <line number="29" hits="17" branch="False" />
              </lines>
            </method>
            <method name="ViewTopups" signature="()" line-rate="1" branch-rate="1" complexity="2">
              <lines>
                <line number="32" hits="17" branch="False" />
                <line number="33" hits="17" branch="False" />
                <line number="34" hits="119" branch="True" condition-coverage="100% (2/2)">
                  <conditions>
                    <condition number="220" type="jump" coverage="100%" />
                  </conditions>
                </line>
                <line number="35" hits="34" branch="False" />
                <line number="36" hits="34" branch="False" />
                <line number="37" hits="34" branch="False" />
                <line number="38" hits="17" branch="False" />
                <line number="39" hits="17" branch="False" />
              </lines>
            </method>
            <method name=".ctor" signature="(GeekTrust.Repositories.IDbContext,Microsoft.Extensions.Logging.ILogger`1&lt;GeekTrust.Services.DataViewer&gt;)" line-rate="1" branch-rate="1" complexity="1">
              <lines>
                <line number="15" hits="17" branch="False" />
                <line number="16" hits="17" branch="False" />
                <line number="17" hits="17" branch="False" />
                <line number="18" hits="17" branch="False" />
                <line number="19" hits="17" branch="False" />
              </lines>
            </method>
          </methods>
          <lines>
            <line number="22" hits="17" branch="False" />
            <line number="23" hits="17" branch="False" />
            <line number="24" hits="357" branch="True" condition-coverage="100% (2/2)">
              <conditions>
                <condition number="220" type="jump" coverage="100%" />
              </conditions>
            </line>
            <line number="25" hits="153" branch="False" />
            <line number="26" hits="153" branch="False" />
            <line number="27" hits="153" branch="False" />
            <line number="28" hits="17" branch="False" />
            <line number="29" hits="17" branch="False" />
            <line number="32" hits="17" branch="False" />
            <line number="33" hits="17" branch="False" />
            <line number="34" hits="119" branch="True" condition-coverage="100% (2/2)">
              <conditions>
                <condition number="220" type="jump" coverage="100%" />
              </conditions>
            </line>
            <line number="35" hits="34" branch="False" />
            <line number="36" hits="34" branch="False" />
            <line number="37" hits="34" branch="False" />
            <line number="38" hits="17" branch="False" />
            <line number="39" hits="17" branch="False" />
            <line number="15" hits="17" branch="False" />
            <line number="16" hits="17" branch="False" />
            <line number="17" hits="17" branch="False" />
            <line number="18" hits="17" branch="False" />
            <line number="19" hits="17" branch="False" />
          </lines>
        </class>
        <class name="GeekTrust.Services.RequestCategorizer" filename="Services/RequestCategorizer.cs" line-rate="0.8974" branch-rate="1" complexity="25">
          <methods>
            <method name="Categorize" signature="(System.String[])" line-rate="0.8709" branch-rate="1" complexity="20">
              <lines>
                <line number="20" hits="16" branch="False" />
                <line number="22" hits="16" branch="False" />
                <line number="24" hits="212" branch="True" condition-coverage="100% (2/2)">
                  <conditions>
                    <condition number="286" type="jump" coverage="100%" />
                  </conditions>
                </line>
                <line number="25" hits="82" branch="False" />
                <line number="27" hits="82" branch="False" />
                <line number="30" hits="82" branch="True" condition-coverage="100% (2/2)">
                  <conditions>
                    <condition number="33" type="jump" coverage="100%" />
                  </conditions>
                </line>
                <line number="31" hits="2" branch="False" />
                <line number="34" hits="80" branch="True" condition-coverage="100% (8/8)">
                  <conditions>
                    <condition number="61" type="jump" coverage="100%" />
                    <condition number="75" type="jump" coverage="100%" />
                    <condition number="89" type="jump" coverage="100%" />
                    <condition number="103" type="jump" coverage="100%" />
                  </conditions>
                </line>
                <line number="38" hits="15" branch="True" condition-coverage="100% (2/2)">
                  <conditions>
                    <condition number="126" type="jump" coverage="100%" />
                  </conditions>
                </line>
                <line number="39" hits="14" branch="False" />
                <line number="42" hits="15" branch="False" />
                <line number="43" hits="15" branch="False" />
                <line number="46" hits="38" branch="True" condition-coverage="100% (2/2)">
                  <conditions>
                    <condition number="167" type="jump" coverage="100%" />
                  </conditions>
                </line>
                <line number="47" hits="13" branch="False" />
                <line number="50" hits="38" branch="False" />
                <line number="51" hits="38" branch="False" />
                <line number="54" hits="11" branch="True" condition-coverage="100% (2/2)">
                  <conditions>
                    <condition number="208" type="jump" coverage="100%" />
                  </conditions>
                </line>
                <line number="55" hits="10" branch="False" />
                <line number="58" hits="11" branch="False" />
                <line number="59" hits="11" branch="False" />
                <line number="62" hits="16" branch="True" condition-coverage="100% (2/2)">
                  <conditions>
                    <condition number="249" type="jump" coverage="100%" />
                  </conditions>
                </line>
                <line number="63" hits="15" branch="False" />
                <line number="66" hits="16" branch="False" />
                <line number="67" hits="16" branch="False" />
                <line number="69" hits="80" branch="False" />
                <line number="70" hits="16" branch="False" />
                <line number="71" hits="0" branch="False" />
                <line number="72" hits="0" branch="False" />
                <line number="73" hits="0" branch="False" />
                <line number="74" hits="0" branch="False" />
                <line number="76" hits="16" branch="False" />
              </lines>
            </method>
            <method name="get_StartDate" signature="()" line-rate="1" branch-rate="1" complexity="1">
              <lines>
                <line number="80" hits="210" branch="False" />
              </lines>
            </method>
            <method name="get_PlanDetails" signature="()" line-rate="1" branch-rate="1" complexity="1">
              <lines>
                <line number="85" hits="105" branch="False" />
              </lines>
            </method>
            <method name="get_TopupDetails" signature="()" line-rate="1" branch-rate="1" complexity="1">
              <lines>
                <line number="90" hits="81" branch="False" />
              </lines>
            </method>
            <method name="get_RequestRenewalDetails" signature="()" line-rate="1" branch-rate="1" complexity="1">
              <lines>
                <line number="95" hits="36" branch="False" />
              </lines>
            </method>
            <method name=".ctor" signature="(Microsoft.Extensions.Logging.ILogger`1&lt;GeekTrust.Services.RequestCategorizer&gt;)" line-rate="1" branch-rate="1" complexity="1">
              <lines>
                <line number="14" hits="17" branch="False" />
                <line number="15" hits="17" branch="False" />
                <line number="16" hits="17" branch="False" />
                <line number="17" hits="17" branch="False" />
              </lines>
            </method>
          </methods>
          <lines>
            <line number="20" hits="16" branch="False" />
            <line number="22" hits="16" branch="False" />
            <line number="24" hits="212" branch="True" condition-coverage="100% (2/2)">
              <conditions>
                <condition number="286" type="jump" coverage="100%" />
              </conditions>
            </line>
            <line number="25" hits="82" branch="False" />
            <line number="27" hits="82" branch="False" />
            <line number="30" hits="82" branch="True" condition-coverage="100% (2/2)">
              <conditions>
                <condition number="33" type="jump" coverage="100%" />
              </conditions>
            </line>
            <line number="31" hits="2" branch="False" />
            <line number="34" hits="80" branch="True" condition-coverage="100% (8/8)">
              <conditions>
                <condition number="61" type="jump" coverage="100%" />
                <condition number="75" type="jump" coverage="100%" />
                <condition number="89" type="jump" coverage="100%" />
                <condition number="103" type="jump" coverage="100%" />
              </conditions>
            </line>
            <line number="38" hits="15" branch="True" condition-coverage="100% (2/2)">
              <conditions>
                <condition number="126" type="jump" coverage="100%" />
              </conditions>
            </line>
            <line number="39" hits="14" branch="False" />
            <line number="42" hits="15" branch="False" />
            <line number="43" hits="15" branch="False" />
            <line number="46" hits="38" branch="True" condition-coverage="100% (2/2)">
              <conditions>
                <condition number="167" type="jump" coverage="100%" />
              </conditions>
            </line>
            <line number="47" hits="13" branch="False" />
            <line number="50" hits="38" branch="False" />
            <line number="51" hits="38" branch="False" />
            <line number="54" hits="11" branch="True" condition-coverage="100% (2/2)">
              <conditions>
                <condition number="208" type="jump" coverage="100%" />
              </conditions>
            </line>
            <line number="55" hits="10" branch="False" />
            <line number="58" hits="11" branch="False" />
            <line number="59" hits="11" branch="False" />
            <line number="62" hits="16" branch="True" condition-coverage="100% (2/2)">
              <conditions>
                <condition number="249" type="jump" coverage="100%" />
              </conditions>
            </line>
            <line number="63" hits="15" branch="False" />
            <line number="66" hits="16" branch="False" />
            <line number="67" hits="16" branch="False" />
            <line number="69" hits="80" branch="False" />
            <line number="70" hits="16" branch="False" />
            <line number="71" hits="0" branch="False" />
            <line number="72" hits="0" branch="False" />
            <line number="73" hits="0" branch="False" />
            <line number="74" hits="0" branch="False" />
            <line number="76" hits="16" branch="False" />
            <line number="80" hits="210" branch="False" />
            <line number="85" hits="105" branch="False" />
            <line number="90" hits="81" branch="False" />
            <line number="95" hits="36" branch="False" />
            <line number="14" hits="17" branch="False" />
            <line number="15" hits="17" branch="False" />
            <line number="16" hits="17" branch="False" />
            <line number="17" hits="17" branch="False" />
          </lines>
        </class>
        <class name="GeekTrust.Services.RequestDeserializer" filename="Services/RequestDeserializer.cs" line-rate="0.8845999999999999" branch-rate="1" complexity="10">
          <methods>
            <method name="Deserialize" signature="(System.String[])" line-rate="0.8845999999999999" branch-rate="1" complexity="10">
              <lines>
                <line number="12" hits="2" branch="False" />
                <line number="14" hits="2" branch="False" />
                <line number="16" hits="2" branch="False" />
                <line number="17" hits="2" branch="False" />
                <line number="18" hits="2" branch="False" />
                <line number="19" hits="2" branch="False" />
                <line number="20" hits="2" branch="False" />
                <line number="21" hits="2" branch="False" />
                <line number="23" hits="28" branch="True" condition-coverage="100% (2/2)">
                  <conditions>
                    <condition number="274" type="jump" coverage="100%" />
                  </conditions>
                </line>
                <line number="24" hits="11" branch="False" />
                <line number="26" hits="11" branch="False" />
                <line number="29" hits="11" branch="True" condition-coverage="100% (8/8)">
                  <conditions>
                    <condition number="86" type="jump" coverage="100%" />
                    <condition number="100" type="jump" coverage="100%" />
                    <condition number="114" type="jump" coverage="100%" />
                    <condition number="128" type="jump" coverage="100%" />
                  </conditions>
                </line>
                <line number="32" hits="2" branch="False" />
                <line number="33" hits="2" branch="False" />
                <line number="35" hits="6" branch="False" />
                <line number="36" hits="6" branch="False" />
                <line number="38" hits="1" branch="False" />
                <line number="39" hits="1" branch="False" />
                <line number="41" hits="2" branch="False" />
                <line number="42" hits="2" branch="False" />
                <line number="44" hits="11" branch="False" />
                <line number="47" hits="2" branch="False" />
                <line number="49" hits="0" branch="False" />
                <line number="50" hits="0" branch="False" />
                <line number="51" hits="0" branch="False" />
                <line number="53" hits="2" branch="False" />
              </lines>
            </method>
          </methods>
          <lines>
            <line number="12" hits="2" branch="False" />
            <line number="14" hits="2" branch="False" />
            <line number="16" hits="2" branch="False" />
            <line number="17" hits="2" branch="False" />
            <line number="18" hits="2" branch="False" />
            <line number="19" hits="2" branch="False" />
            <line number="20" hits="2" branch="False" />
            <line number="21" hits="2" branch="False" />
            <line number="23" hits="28" branch="True" condition-coverage="100% (2/2)">
              <conditions>
                <condition number="274" type="jump" coverage="100%" />
              </conditions>
            </line>
            <line number="24" hits="11" branch="False" />
            <line number="26" hits="11" branch="False" />
            <line number="29" hits="11" branch="True" condition-coverage="100% (8/8)">
              <conditions>
                <condition number="86" type="jump" coverage="100%" />
                <condition number="100" type="jump" coverage="100%" />
                <condition number="114" type="jump" coverage="100%" />
                <condition number="128" type="jump" coverage="100%" />
              </conditions>
            </line>
            <line number="32" hits="2" branch="False" />
            <line number="33" hits="2" branch="False" />
            <line number="35" hits="6" branch="False" />
            <line number="36" hits="6" branch="False" />
            <line number="38" hits="1" branch="False" />
            <line number="39" hits="1" branch="False" />
            <line number="41" hits="2" branch="False" />
            <line number="42" hits="2" branch="False" />
            <line number="44" hits="11" branch="False" />
            <line number="47" hits="2" branch="False" />
            <line number="49" hits="0" branch="False" />
            <line number="50" hits="0" branch="False" />
            <line number="51" hits="0" branch="False" />
            <line number="53" hits="2" branch="False" />
          </lines>
        </class>
        <class name="GeekTrust.Services.RequestValidator" filename="Services/RequestValidatorCommon.cs" line-rate="0.8965000000000001" branch-rate="0.9285" complexity="15">
          <methods>
            <method name="RequestFileExists" signature="(System.String)" line-rate="0.8332999999999999" branch-rate="1" complexity="2">
              <lines>
                <line number="33" hits="17" branch="False" />
                <line number="35" hits="17" branch="True" condition-coverage="100% (2/2)">
                  <conditions>
                    <condition number="12" type="jump" coverage="100%" />
                  </conditions>
                </line>
                <line number="36" hits="1" branch="False" />
                <line number="38" hits="1" branch="False" />
                <line number="39" hits="0" branch="False" />
                <line number="40" hits="16" branch="False" />
              </lines>
            </method>
            <method name="RequestNotEmpty" signature="()" line-rate="0.8887999999999999" branch-rate="1" complexity="8">
              <lines>
                <line number="45" hits="16" branch="False" />
                <line number="47" hits="16" branch="True" condition-coverage="100% (8/8)">
                  <conditions>
                    <condition number="12" type="jump" coverage="100%" />
                    <condition number="25" type="jump" coverage="100%" />
                    <condition number="38" type="jump" coverage="100%" />
                    <condition number="59" type="jump" coverage="100%" />
                  </conditions>
                </line>
                <line number="48" hits="16" branch="False" />
                <line number="49" hits="16" branch="False" />
                <line number="50" hits="16" branch="False" />
                <line number="51" hits="1" branch="False" />
                <line number="53" hits="1" branch="False" />
                <line number="54" hits="0" branch="False" />
                <line number="56" hits="15" branch="False" />
              </lines>
            </method>
            <method name="GenerateErrorListCallback" signature="(System.String[])" line-rate="0.875" branch-rate="0.75" complexity="4">
              <lines>
                <line number="61" hits="15" branch="False" />
                <line number="62" hits="77" branch="True" condition-coverage="100% (2/2)">
                  <conditions>
                    <condition number="52" type="jump" coverage="100%" />
                  </conditions>
                </line>
                <line number="63" hits="16" branch="False" />
                <line number="65" hits="16" branch="False" />
                <line number="66" hits="16" branch="False" />
                <line number="67" hits="16" branch="False" />
                <line number="70" hits="15" branch="True" condition-coverage="50% (1/2)">
                  <conditions>
                    <condition number="61" type="jump" coverage="50%" />
                  </conditions>
                </line>
                <line number="71" hits="0" branch="False" />
              </lines>
            </method>
            <method name=".ctor" signature="(GeekTrust.Repositories.IRequestCategorizer,Microsoft.Extensions.Logging.ILogger`1&lt;GeekTrust.Services.RequestValidator&gt;)" line-rate="1" branch-rate="1" complexity="1">
              <lines>
                <line number="24" hits="17" branch="False" />
                <line number="25" hits="17" branch="False" />
                <line number="26" hits="17" branch="False" />
                <line number="27" hits="17" branch="False" />
                <line number="28" hits="17" branch="False" />
                <line number="29" hits="17" branch="False" />
              </lines>
            </method>
          </methods>
          <lines>
            <line number="33" hits="17" branch="False" />
            <line number="35" hits="17" branch="True" condition-coverage="100% (2/2)">
              <conditions>
                <condition number="12" type="jump" coverage="100%" />
              </conditions>
            </line>
            <line number="36" hits="1" branch="False" />
            <line number="38" hits="1" branch="False" />
            <line number="39" hits="0" branch="False" />
            <line number="40" hits="16" branch="False" />
            <line number="45" hits="16" branch="False" />
            <line number="47" hits="16" branch="True" condition-coverage="100% (8/8)">
              <conditions>
                <condition number="12" type="jump" coverage="100%" />
                <condition number="25" type="jump" coverage="100%" />
                <condition number="38" type="jump" coverage="100%" />
                <condition number="59" type="jump" coverage="100%" />
              </conditions>
            </line>
            <line number="48" hits="16" branch="False" />
            <line number="49" hits="16" branch="False" />
            <line number="50" hits="16" branch="False" />
            <line number="51" hits="1" branch="False" />
            <line number="53" hits="1" branch="False" />
            <line number="54" hits="0" branch="False" />
            <line number="56" hits="15" branch="False" />
            <line number="61" hits="15" branch="False" />
            <line number="62" hits="77" branch="True" condition-coverage="100% (2/2)">
              <conditions>
                <condition number="52" type="jump" coverage="100%" />
              </conditions>
            </line>
            <line number="63" hits="16" branch="False" />
            <line number="65" hits="16" branch="False" />
            <line number="66" hits="16" branch="False" />
            <line number="67" hits="16" branch="False" />
            <line number="70" hits="15" branch="True" condition-coverage="50% (1/2)">
              <conditions>
                <condition number="61" type="jump" coverage="50%" />
              </conditions>
            </line>
            <line number="71" hits="0" branch="False" />
            <line number="24" hits="17" branch="False" />
            <line number="25" hits="17" branch="False" />
            <line number="26" hits="17" branch="False" />
            <line number="27" hits="17" branch="False" />
            <line number="28" hits="17" branch="False" />
            <line number="29" hits="17" branch="False" />
          </lines>
        </class>
        <class name="GeekTrust.Services.RequestValidator" filename="Services/RequestValidatorPlanDetails.cs" line-rate="0.8928" branch-rate="1" complexity="10">
          <methods>
            <method name="PlanDetailsValidations" signature="()" line-rate="0.8887999999999999" branch-rate="1" complexity="2">
              <lines>
                <line number="18" hits="7" branch="False" />
                <line number="20" hits="7" branch="True" condition-coverage="100% (2/2)">
                  <conditions>
                    <condition number="9" type="jump" coverage="100%" />
                  </conditions>
                </line>
                <line number="21" hits="6" branch="False" />
                <line number="22" hits="6" branch="False" />
                <line number="23" hits="4" branch="False" />
                <line number="25" hits="1" branch="False" />
                <line number="27" hits="1" branch="False" />
                <line number="28" hits="0" branch="False" />
                <line number="29" hits="4" branch="False" />
              </lines>
            </method>
            <method name="RequestContainsPlan" signature="()" line-rate="1" branch-rate="1" complexity="2">
              <lines>
                <line number="32" hits="14" branch="False" />
                <line number="34" hits="14" branch="True" condition-coverage="100% (2/2)">
                  <conditions>
                    <condition number="17" type="jump" coverage="100%" />
                  </conditions>
                </line>
                <line number="35" hits="2" branch="False" />
                <line number="37" hits="2" branch="False" />
                <line number="41" hits="12" branch="False" />
                <line number="42" hits="14" branch="False" />
              </lines>
            </method>
            <method name="RequestContainsValidPlanArgumentsAndSamePlanOnce" signature="()" line-rate="0.8461" branch-rate="1" complexity="6">
              <lines>
                <line number="45" hits="6" branch="False" />
                <line number="46" hits="44" branch="True" condition-coverage="100% (2/2)">
                  <conditions>
                    <condition number="153" type="jump" coverage="100%" />
                  </conditions>
                </line>
                <line number="47" hits="14" branch="False" />
                <line number="49" hits="14" branch="True" condition-coverage="100% (2/2)">
                  <conditions>
                    <condition number="57" type="jump" coverage="100%" />
                  </conditions>
                </line>
                <line number="50" hits="1" branch="False" />
                <line number="52" hits="1" branch="False" />
                <line number="53" hits="0" branch="False" />
                <line number="56" hits="51" branch="True" condition-coverage="100% (2/2)">
                  <conditions>
                    <condition number="120" type="jump" coverage="100%" />
                  </conditions>
                </line>
                <line number="57" hits="1" branch="False" />
                <line number="59" hits="1" branch="False" />
                <line number="60" hits="0" branch="False" />
                <line number="61" hits="12" branch="False" />
                <line number="62" hits="4" branch="False" />
              </lines>
            </method>
          </methods>
          <lines>
            <line number="18" hits="7" branch="False" />
            <line number="20" hits="7" branch="True" condition-coverage="100% (2/2)">
              <conditions>
                <condition number="9" type="jump" coverage="100%" />
              </conditions>
            </line>
            <line number="21" hits="6" branch="False" />
            <line number="22" hits="6" branch="False" />
            <line number="23" hits="4" branch="False" />
            <line number="25" hits="1" branch="False" />
            <line number="27" hits="1" branch="False" />
            <line number="28" hits="0" branch="False" />
            <line number="29" hits="4" branch="False" />
            <line number="32" hits="14" branch="False" />
            <line number="34" hits="14" branch="True" condition-coverage="100% (2/2)">
              <conditions>
                <condition number="17" type="jump" coverage="100%" />
              </conditions>
            </line>
            <line number="35" hits="2" branch="False" />
            <line number="37" hits="2" branch="False" />
            <line number="41" hits="12" branch="False" />
            <line number="42" hits="14" branch="False" />
            <line number="45" hits="6" branch="False" />
            <line number="46" hits="44" branch="True" condition-coverage="100% (2/2)">
              <conditions>
                <condition number="153" type="jump" coverage="100%" />
              </conditions>
            </line>
            <line number="47" hits="14" branch="False" />
            <line number="49" hits="14" branch="True" condition-coverage="100% (2/2)">
              <conditions>
                <condition number="57" type="jump" coverage="100%" />
              </conditions>
            </line>
            <line number="50" hits="1" branch="False" />
            <line number="52" hits="1" branch="False" />
            <line number="53" hits="0" branch="False" />
            <line number="56" hits="51" branch="True" condition-coverage="100% (2/2)">
              <conditions>
                <condition number="120" type="jump" coverage="100%" />
              </conditions>
            </line>
            <line number="57" hits="1" branch="False" />
            <line number="59" hits="1" branch="False" />
            <line number="60" hits="0" branch="False" />
            <line number="61" hits="12" branch="False" />
            <line number="62" hits="4" branch="False" />
          </lines>
        </class>
        <class name="GeekTrust.Services.RequestValidator" filename="Services/RequestValidatorRequestRenewal.cs" line-rate="0.8076000000000001" branch-rate="0.875" complexity="8">
          <methods>
            <method name="RenewalDetailsValidations" signature="()" line-rate="1" branch-rate="1" complexity="2">
              <lines>
                <line number="18" hits="4" branch="False" />
                <line number="20" hits="4" branch="True" condition-coverage="100% (2/2)">
                  <conditions>
                    <condition number="9" type="jump" coverage="100%" />
                  </conditions>
                </line>
                <line number="21" hits="4" branch="False" />
                <line number="22" hits="4" branch="False" />
                <line number="23" hits="3" branch="False" />
                <line number="24" hits="2" branch="False" />
                <line number="25" hits="2" branch="False" />
              </lines>
            </method>
            <method name="RequestContainsRenewalDetails" signature="()" line-rate="0.5714" branch-rate="0.5" complexity="2">
              <lines>
                <line number="28" hits="4" branch="False" />
                <line number="30" hits="4" branch="True" condition-coverage="50% (1/2)">
                  <conditions>
                    <condition number="17" type="jump" coverage="50%" />
                  </conditions>
                </line>
                <line number="31" hits="0" branch="False" />
                <line number="33" hits="0" branch="False" />
                <line number="34" hits="0" branch="False" />
                <line number="38" hits="4" branch="False" />
                <line number="39" hits="4" branch="False" />
              </lines>
            </method>
            <method name="RequestContainsRenewalDetailsOnce" signature="()" line-rate="0.8332999999999999" branch-rate="1" complexity="2">
              <lines>
                <line number="42" hits="4" branch="False" />
                <line number="43" hits="4" branch="True" condition-coverage="100% (2/2)">
                  <conditions>
                    <condition number="22" type="jump" coverage="100%" />
                  </conditions>
                </line>
                <line number="44" hits="1" branch="False" />
                <line number="46" hits="1" branch="False" />
                <line number="47" hits="0" branch="False" />
                <line number="48" hits="3" branch="False" />
              </lines>
            </method>
            <method name="RequestContainsValidRenewalDetailsArguments" signature="()" line-rate="0.8332999999999999" branch-rate="1" complexity="2">
              <lines>
                <line number="51" hits="3" branch="False" />
                <line number="52" hits="3" branch="True" condition-coverage="100% (2/2)">
                  <conditions>
                    <condition number="27" type="jump" coverage="100%" />
                  </conditions>
                </line>
                <line number="53" hits="1" branch="False" />
                <line number="55" hits="1" branch="False" />
                <line number="56" hits="0" branch="False" />
                <line number="57" hits="2" branch="False" />
              </lines>
            </method>
          </methods>
          <lines>
            <line number="18" hits="4" branch="False" />
            <line number="20" hits="4" branch="True" condition-coverage="100% (2/2)">
              <conditions>
                <condition number="9" type="jump" coverage="100%" />
              </conditions>
            </line>
            <line number="21" hits="4" branch="False" />
            <line number="22" hits="4" branch="False" />
            <line number="23" hits="3" branch="False" />
            <line number="24" hits="2" branch="False" />
            <line number="25" hits="2" branch="False" />
            <line number="28" hits="4" branch="False" />
            <line number="30" hits="4" branch="True" condition-coverage="50% (1/2)">
              <conditions>
                <condition number="17" type="jump" coverage="50%" />
              </conditions>
            </line>
            <line number="31" hits="0" branch="False" />
            <line number="33" hits="0" branch="False" />
            <line number="34" hits="0" branch="False" />
            <line number="38" hits="4" branch="False" />
            <line number="39" hits="4" branch="False" />
            <line number="42" hits="4" branch="False" />
            <line number="43" hits="4" branch="True" condition-coverage="100% (2/2)">
              <conditions>
                <condition number="22" type="jump" coverage="100%" />
              </conditions>
            </line>
            <line number="44" hits="1" branch="False" />
            <line number="46" hits="1" branch="False" />
            <line number="47" hits="0" branch="False" />
            <line number="48" hits="3" branch="False" />
            <line number="51" hits="3" branch="False" />
            <line number="52" hits="3" branch="True" condition-coverage="100% (2/2)">
              <conditions>
                <condition number="27" type="jump" coverage="100%" />
              </conditions>
            </line>
            <line number="53" hits="1" branch="False" />
            <line number="55" hits="1" branch="False" />
            <line number="56" hits="0" branch="False" />
            <line number="57" hits="2" branch="False" />
          </lines>
        </class>
        <class name="GeekTrust.Services.RequestValidator" filename="Services/RequestValidatorStartDate.cs" line-rate="0.8887999999999999" branch-rate="1" complexity="10">
          <methods>
            <method name="StartDateValidations" signature="()" line-rate="0.909" branch-rate="1" complexity="2">
              <lines>
                <line number="18" hits="15" branch="False" />
                <line number="20" hits="15" branch="True" condition-coverage="100% (2/2)">
                  <conditions>
                    <condition number="9" type="jump" coverage="100%" />
                  </conditions>
                </line>
                <line number="21" hits="14" branch="False" />
                <line number="22" hits="14" branch="False" />
                <line number="23" hits="13" branch="False" />
                <line number="24" hits="12" branch="False" />
                <line number="25" hits="11" branch="False" />
                <line number="27" hits="1" branch="False" />
                <line number="29" hits="1" branch="False" />
                <line number="30" hits="0" branch="False" />
                <line number="31" hits="11" branch="False" />
              </lines>
            </method>
            <method name="RequestContainsStartDate" signature="()" line-rate="1" branch-rate="1" complexity="2">
              <lines>
                <line number="35" hits="15" branch="False" />
                <line number="37" hits="15" branch="True" condition-coverage="100% (2/2)">
                  <conditions>
                    <condition number="17" type="jump" coverage="100%" />
                  </conditions>
                </line>
                <line number="38" hits="1" branch="False" />
                <line number="39" hits="1" branch="False" />
                <line number="43" hits="14" branch="False" />
                <line number="44" hits="15" branch="False" />
              </lines>
            </method>
            <method name="RequestContainsSingleStartDate" signature="()" line-rate="0.8332999999999999" branch-rate="1" complexity="2">
              <lines>
                <line number="47" hits="14" branch="False" />
                <line number="49" hits="14" branch="True" condition-coverage="100% (2/2)">
                  <conditions>
                    <condition number="22" type="jump" coverage="100%" />
                  </conditions>
                </line>
                <line number="50" hits="1" branch="False" />
                <line number="52" hits="1" branch="False" />
                <line number="53" hits="0" branch="False" />
                <line number="54" hits="13" branch="False" />
              </lines>
            </method>
            <method name="RequestContainsValidStartDateArguments" signature="()" line-rate="0.8332999999999999" branch-rate="1" complexity="2">
              <lines>
                <line number="57" hits="13" branch="False" />
                <line number="59" hits="13" branch="True" condition-coverage="100% (2/2)">
                  <conditions>
                    <condition number="27" type="jump" coverage="100%" />
                  </conditions>
                </line>
                <line number="60" hits="1" branch="False" />
                <line number="62" hits="1" branch="False" />
                <line number="63" hits="0" branch="False" />
                <line number="64" hits="12" branch="False" />
              </lines>
            </method>
            <method name="RequestContainsValidStartDate" signature="()" line-rate="0.8571" branch-rate="1" complexity="2">
              <lines>
                <line number="67" hits="12" branch="False" />
                <line number="69" hits="12" branch="False" />
                <line number="72" hits="12" branch="True" condition-coverage="100% (2/2)">
                  <conditions>
                    <condition number="39" type="jump" coverage="100%" />
                  </conditions>
                </line>
                <line number="73" hits="1" branch="False" />
                <line number="75" hits="1" branch="False" />
                <line number="76" hits="0" branch="False" />
                <line number="78" hits="11" branch="False" />
              </lines>
            </method>
          </methods>
          <lines>
            <line number="18" hits="15" branch="False" />
            <line number="20" hits="15" branch="True" condition-coverage="100% (2/2)">
              <conditions>
                <condition number="9" type="jump" coverage="100%" />
              </conditions>
            </line>
            <line number="21" hits="14" branch="False" />
            <line number="22" hits="14" branch="False" />
            <line number="23" hits="13" branch="False" />
            <line number="24" hits="12" branch="False" />
            <line number="25" hits="11" branch="False" />
            <line number="27" hits="1" branch="False" />
            <line number="29" hits="1" branch="False" />
            <line number="30" hits="0" branch="False" />
            <line number="31" hits="11" branch="False" />
            <line number="35" hits="15" branch="False" />
            <line number="37" hits="15" branch="True" condition-coverage="100% (2/2)">
              <conditions>
                <condition number="17" type="jump" coverage="100%" />
              </conditions>
            </line>
            <line number="38" hits="1" branch="False" />
            <line number="39" hits="1" branch="False" />
            <line number="43" hits="14" branch="False" />
            <line number="44" hits="15" branch="False" />
            <line number="47" hits="14" branch="False" />
            <line number="49" hits="14" branch="True" condition-coverage="100% (2/2)">
              <conditions>
                <condition number="22" type="jump" coverage="100%" />
              </conditions>
            </line>
            <line number="50" hits="1" branch="False" />
            <line number="52" hits="1" branch="False" />
            <line number="53" hits="0" branch="False" />
            <line number="54" hits="13" branch="False" />
            <line number="57" hits="13" branch="False" />
            <line number="59" hits="13" branch="True" condition-coverage="100% (2/2)">
              <conditions>
                <condition number="27" type="jump" coverage="100%" />
              </conditions>
            </line>
            <line number="60" hits="1" branch="False" />
            <line number="62" hits="1" branch="False" />
            <line number="63" hits="0" branch="False" />
            <line number="64" hits="12" branch="False" />
            <line number="67" hits="12" branch="False" />
            <line number="69" hits="12" branch="False" />
            <line number="72" hits="12" branch="True" condition-coverage="100% (2/2)">
              <conditions>
                <condition number="39" type="jump" coverage="100%" />
              </conditions>
            </line>
            <line number="73" hits="1" branch="False" />
            <line number="75" hits="1" branch="False" />
            <line number="76" hits="0" branch="False" />
            <line number="78" hits="11" branch="False" />
          </lines>
        </class>
        <class name="GeekTrust.Services.RequestValidator" filename="Services/RequestValidatorTopupDetails.cs" line-rate="0.9" branch-rate="1" complexity="12">
          <methods>
            <method name="TopupDetailValidations" signature="()" line-rate="0.9285" branch-rate="1" complexity="4">
              <lines>
                <line number="18" hits="11" branch="False" />
                <line number="19" hits="11" branch="True" condition-coverage="100% (2/2)">
                  <conditions>
                    <condition number="9" type="jump" coverage="100%" />
                  </conditions>
                </line>
                <line number="20" hits="7" branch="False" />
                <line number="22" hits="7" branch="True" condition-coverage="100% (2/2)">
                  <conditions>
                    <condition number="20" type="jump" coverage="100%" />
                  </conditions>
                </line>
                <line number="23" hits="6" branch="False" />
                <line number="24" hits="6" branch="False" />
                <line number="25" hits="5" branch="False" />
                <line number="26" hits="4" branch="False" />
                <line number="27" hits="3" branch="False" />
                <line number="29" hits="1" branch="False" />
                <line number="31" hits="1" branch="False" />
                <line number="32" hits="0" branch="False" />
                <line number="33" hits="3" branch="False" />
                <line number="34" hits="7" branch="False" />
              </lines>
            </method>
            <method name="RequestContainsTopup" signature="()" line-rate="1" branch-rate="1" complexity="2">
              <lines>
                <line number="38" hits="11" branch="False" />
                <line number="40" hits="11" branch="True" condition-coverage="100% (2/2)">
                  <conditions>
                    <condition number="17" type="jump" coverage="100%" />
                  </conditions>
                </line>
                <line number="41" hits="4" branch="False" />
                <line number="43" hits="4" branch="False" />
                <line number="44" hits="4" branch="False" />
                <line number="48" hits="7" branch="False" />
                <line number="49" hits="11" branch="False" />
              </lines>
            </method>
            <method name="RequestContainsTopUpOnce" signature="()" line-rate="0.8332999999999999" branch-rate="1" complexity="2">
              <lines>
                <line number="53" hits="6" branch="False" />
                <line number="54" hits="6" branch="True" condition-coverage="100% (2/2)">
                  <conditions>
                    <condition number="22" type="jump" coverage="100%" />
                  </conditions>
                </line>
                <line number="55" hits="1" branch="False" />
                <line number="57" hits="1" branch="False" />
                <line number="58" hits="0" branch="False" />
                <line number="59" hits="5" branch="False" />
              </lines>
            </method>
            <method name="RequestContainsValidTopupArguments" signature="()" line-rate="0.8332999999999999" branch-rate="1" complexity="2">
              <lines>
                <line number="62" hits="5" branch="False" />
                <line number="63" hits="5" branch="True" condition-coverage="100% (2/2)">
                  <conditions>
                    <condition number="27" type="jump" coverage="100%" />
                  </conditions>
                </line>
                <line number="64" hits="1" branch="False" />
                <line number="66" hits="1" branch="False" />
                <line number="67" hits="0" branch="False" />
                <line number="68" hits="4" branch="False" />
              </lines>
            </method>
            <method name="RequestContainsValidTopupMonth" signature="()" line-rate="0.8571" branch-rate="1" complexity="2">
              <lines>
                <line number="71" hits="4" branch="False" />
                <line number="73" hits="4" branch="False" />
                <line number="76" hits="4" branch="True" condition-coverage="100% (2/2)">
                  <conditions>
                    <condition number="36" type="jump" coverage="100%" />
                  </conditions>
                </line>
                <line number="77" hits="1" branch="False" />
                <line number="79" hits="1" branch="False" />
                <line number="80" hits="0" branch="False" />
                <line number="81" hits="3" branch="False" />
              </lines>
            </method>
          </methods>
          <lines>
            <line number="18" hits="11" branch="False" />
            <line number="19" hits="11" branch="True" condition-coverage="100% (2/2)">
              <conditions>
                <condition number="9" type="jump" coverage="100%" />
              </conditions>
            </line>
            <line number="20" hits="7" branch="False" />
            <line number="22" hits="7" branch="True" condition-coverage="100% (2/2)">
              <conditions>
                <condition number="20" type="jump" coverage="100%" />
              </conditions>
            </line>
            <line number="23" hits="6" branch="False" />
            <line number="24" hits="6" branch="False" />
            <line number="25" hits="5" branch="False" />
            <line number="26" hits="4" branch="False" />
            <line number="27" hits="3" branch="False" />
            <line number="29" hits="1" branch="False" />
            <line number="31" hits="1" branch="False" />
            <line number="32" hits="0" branch="False" />
            <line number="33" hits="3" branch="False" />
            <line number="34" hits="7" branch="False" />
            <line number="38" hits="11" branch="False" />
            <line number="40" hits="11" branch="True" condition-coverage="100% (2/2)">
              <conditions>
                <condition number="17" type="jump" coverage="100%" />
              </conditions>
            </line>
            <line number="41" hits="4" branch="False" />
            <line number="43" hits="4" branch="False" />
            <line number="44" hits="4" branch="False" />
            <line number="48" hits="7" branch="False" />
            <line number="49" hits="11" branch="False" />
            <line number="53" hits="6" branch="False" />
            <line number="54" hits="6" branch="True" condition-coverage="100% (2/2)">
              <conditions>
                <condition number="22" type="jump" coverage="100%" />
              </conditions>
            </line>
            <line number="55" hits="1" branch="False" />
            <line number="57" hits="1" branch="False" />
            <line number="58" hits="0" branch="False" />
            <line number="59" hits="5" branch="False" />
            <line number="62" hits="5" branch="False" />
            <line number="63" hits="5" branch="True" condition-coverage="100% (2/2)">
              <conditions>
                <condition number="27" type="jump" coverage="100%" />
              </conditions>
            </line>
            <line number="64" hits="1" branch="False" />
            <line number="66" hits="1" branch="False" />
            <line number="67" hits="0" branch="False" />
            <line number="68" hits="4" branch="False" />
            <line number="71" hits="4" branch="False" />
            <line number="73" hits="4" branch="False" />
            <line number="76" hits="4" branch="True" condition-coverage="100% (2/2)">
              <conditions>
                <condition number="36" type="jump" coverage="100%" />
              </conditions>
            </line>
            <line number="77" hits="1" branch="False" />
            <line number="79" hits="1" branch="False" />
            <line number="80" hits="0" branch="False" />
            <line number="81" hits="3" branch="False" />
          </lines>
        </class>
        <class name="GeekTrust.Services.SubscriptionCalculator" filename="Services/SubscriptionCalculator.cs" line-rate="1" branch-rate="0.9" complexity="11">
          <methods>
            <method name="CalculatePlanRenewal" signature="(GeekTrust.Models.Request)" line-rate="1" branch-rate="1" complexity="4">
              <lines>
                <line number="24" hits="2" branch="False" />
                <line number="26" hits="18" branch="True" condition-coverage="100% (2/2)">
                  <conditions>
                    <condition number="485" type="jump" coverage="100%" />
                  </conditions>
                </line>
                <line number="27" hits="6" branch="False" />
                <line number="29" hits="6" branch="False" />
                <line number="32" hits="6" branch="True" condition-coverage="100% (2/2)">
                  <conditions>
                    <condition number="254" type="jump" coverage="100%" />
                  </conditions>
                </line>
                <line number="33" hits="6" branch="False" />
                <line number="35" hits="6" branch="False" />
                <line number="38" hits="6" branch="False" />
                <line number="41" hits="6" branch="False" />
                <line number="44" hits="6" branch="False" />
                <line number="45" hits="6" branch="False" />
                <line number="46" hits="6" branch="False" />
                <line number="49" hits="2" branch="False" />
                <line number="50" hits="2" branch="False" />
              </lines>
            </method>
            <method name="CalculateTotalAmount" signature="(GeekTrust.Models.Request)" line-rate="1" branch-rate="1" complexity="4">
              <lines>
                <line number="54" hits="2" branch="False" />
                <line number="56" hits="2" branch="True" condition-coverage="100% (2/2)">
                  <conditions>
                    <condition number="30" type="jump" coverage="100%" />
                  </conditions>
                </line>
                <line number="57" hits="1" branch="False" />
                <line number="59" hits="1" branch="False" />
                <line number="62" hits="1" branch="True" condition-coverage="100% (2/2)">
                  <conditions>
                    <condition number="194" type="jump" coverage="100%" />
                  </conditions>
                </line>
                <line number="63" hits="1" branch="False" />
                <line number="65" hits="1" branch="False" />
                <line number="68" hits="1" branch="False" />
                <line number="69" hits="1" branch="False" />
                <line number="70" hits="1" branch="False" />
                <line number="73" hits="2" branch="False" />
                <line number="74" hits="2" branch="False" />
              </lines>
            </method>
            <method name="CalculateRenewalReminderDate" signature="(System.DateOnly,System.Int32)" line-rate="1" branch-rate="0.5" complexity="2">
              <lines>
                <line number="78" hits="6" branch="False" />
                <line number="80" hits="6" branch="False" />
                <line number="83" hits="6" branch="True" condition-coverage="50% (1/2)">
                  <conditions>
                    <condition number="21" type="jump" coverage="50%" />
                  </conditions>
                </line>
                <line number="84" hits="6" branch="False" />
                <line number="87" hits="6" branch="False" />
                <line number="90" hits="6" branch="False" />
                <line number="91" hits="6" branch="False" />
              </lines>
            </method>
            <method name=".ctor" signature="(GeekTrust.Repositories.IDbContext)" line-rate="1" branch-rate="1" complexity="1">
              <lines>
                <line number="15" hits="17" branch="False" />
                <line number="16" hits="17" branch="False" />
                <line number="17" hits="17" branch="False" />
                <line number="18" hits="17" branch="False" />
                <line number="19" hits="17" branch="False" />
                <line number="20" hits="17" branch="False" />
              </lines>
            </method>
          </methods>
          <lines>
            <line number="24" hits="2" branch="False" />
            <line number="26" hits="18" branch="True" condition-coverage="100% (2/2)">
              <conditions>
                <condition number="485" type="jump" coverage="100%" />
              </conditions>
            </line>
            <line number="27" hits="6" branch="False" />
            <line number="29" hits="6" branch="False" />
            <line number="32" hits="6" branch="True" condition-coverage="100% (2/2)">
              <conditions>
                <condition number="254" type="jump" coverage="100%" />
              </conditions>
            </line>
            <line number="33" hits="6" branch="False" />
            <line number="35" hits="6" branch="False" />
            <line number="38" hits="6" branch="False" />
            <line number="41" hits="6" branch="False" />
            <line number="44" hits="6" branch="False" />
            <line number="45" hits="6" branch="False" />
            <line number="46" hits="6" branch="False" />
            <line number="49" hits="2" branch="False" />
            <line number="50" hits="2" branch="False" />
            <line number="54" hits="2" branch="False" />
            <line number="56" hits="2" branch="True" condition-coverage="100% (2/2)">
              <conditions>
                <condition number="30" type="jump" coverage="100%" />
              </conditions>
            </line>
            <line number="57" hits="1" branch="False" />
            <line number="59" hits="1" branch="False" />
            <line number="62" hits="1" branch="True" condition-coverage="100% (2/2)">
              <conditions>
                <condition number="194" type="jump" coverage="100%" />
              </conditions>
            </line>
            <line number="63" hits="1" branch="False" />
            <line number="65" hits="1" branch="False" />
            <line number="68" hits="1" branch="False" />
            <line number="69" hits="1" branch="False" />
            <line number="70" hits="1" branch="False" />
            <line number="73" hits="2" branch="False" />
            <line number="74" hits="2" branch="False" />
            <line number="78" hits="6" branch="False" />
            <line number="80" hits="6" branch="False" />
            <line number="83" hits="6" branch="True" condition-coverage="50% (1/2)">
              <conditions>
                <condition number="21" type="jump" coverage="50%" />
              </conditions>
            </line>
            <line number="84" hits="6" branch="False" />
            <line number="87" hits="6" branch="False" />
            <line number="90" hits="6" branch="False" />
            <line number="91" hits="6" branch="False" />
            <line number="15" hits="17" branch="False" />
            <line number="16" hits="17" branch="False" />
            <line number="17" hits="17" branch="False" />
            <line number="18" hits="17" branch="False" />
            <line number="19" hits="17" branch="False" />
            <line number="20" hits="17" branch="False" />
          </lines>
        </class>
        <class name="GeekTrust.Models.BasePlan" filename="Models/BasePlan.cs" line-rate="1" branch-rate="1" complexity="4">
          <methods>
            <method name="get_ID" signature="()" line-rate="1" branch-rate="1" complexity="1">
              <lines>
                <line number="6" hits="187" branch="False" />
              </lines>
            </method>
            <method name="get_Name" signature="()" line-rate="1" branch-rate="1" complexity="1">
              <lines>
                <line number="7" hits="198" branch="False" />
              </lines>
            </method>
            <method name="get_Price" signature="()" line-rate="1" branch-rate="1" complexity="1">
              <lines>
                <line number="8" hits="198" branch="False" />
              </lines>
            </method>
            <method name="get_PeriodInMonths" signature="()" line-rate="1" branch-rate="1" complexity="1">
              <lines>
                <line number="9" hits="198" branch="False" />
              </lines>
            </method>
          </methods>
          <lines>
            <line number="6" hits="187" branch="False" />
            <line number="7" hits="198" branch="False" />
            <line number="8" hits="198" branch="False" />
            <line number="9" hits="198" branch="False" />
          </lines>
        </class>
        <class name="GeekTrust.Models.DoReMiContext" filename="Models/DoReMiContext.cs" line-rate="1" branch-rate="1" complexity="4">
          <methods>
            <method name="get_Plans" signature="()" line-rate="1" branch-rate="1" complexity="1">
              <lines>
                <line number="17" hits="60" branch="False" />
              </lines>
            </method>
            <method name="get_TopUps" signature="()" line-rate="1" branch-rate="1" complexity="1">
              <lines>
                <line number="18" hits="53" branch="False" />
              </lines>
            </method>
            <method name="OnModelCreating" signature="(Microsoft.EntityFrameworkCore.ModelBuilder)" line-rate="1" branch-rate="1" complexity="1">
              <lines>
                <line number="21" hits="1" branch="False" />
                <line number="23" hits="1" branch="False" />
                <line number="24" hits="1" branch="False" />
                <line number="25" hits="1" branch="False" />
              </lines>
            </method>
            <method name=".ctor" signature="(Microsoft.EntityFrameworkCore.DbContextOptions,Microsoft.Extensions.Logging.ILogger`1&lt;GeekTrust.Models.DoReMiContext&gt;)" line-rate="1" branch-rate="1" complexity="1">
              <lines>
                <line number="11" hits="17" branch="False" />
                <line number="12" hits="17" branch="False" />
                <line number="13" hits="17" branch="False" />
                <line number="14" hits="17" branch="False" />
                <line number="15" hits="17" branch="False" />
              </lines>
            </method>
          </methods>
          <lines>
            <line number="17" hits="60" branch="False" />
            <line number="18" hits="53" branch="False" />
            <line number="21" hits="1" branch="False" />
            <line number="23" hits="1" branch="False" />
            <line number="24" hits="1" branch="False" />
            <line number="25" hits="1" branch="False" />
            <line number="11" hits="17" branch="False" />
            <line number="12" hits="17" branch="False" />
            <line number="13" hits="17" branch="False" />
            <line number="14" hits="17" branch="False" />
            <line number="15" hits="17" branch="False" />
          </lines>
        </class>
        <class name="GeekTrust.Models.Plan" filename="Models/Plan.cs" line-rate="1" branch-rate="1" complexity="1">
          <methods>
            <method name="get_Type" signature="()" line-rate="1" branch-rate="1" complexity="1">
              <lines>
                <line number="8" hits="162" branch="False" />
              </lines>
            </method>
          </methods>
          <lines>
            <line number="8" hits="162" branch="False" />
          </lines>
        </class>
        <class name="GeekTrust.Models.Request" filename="Models/Request.cs" line-rate="1" branch-rate="1" complexity="4">
          <methods>
            <method name="get_StartDate" signature="()" line-rate="1" branch-rate="1" complexity="1">
              <lines>
                <line number="8" hits="8" branch="False" />
              </lines>
            </method>
            <method name="get_RequestedPlans" signature="()" line-rate="1" branch-rate="1" complexity="1">
              <lines>
                <line number="9" hits="10" branch="False" />
              </lines>
            </method>
            <method name="get_RequestedTopupPlan" signature="()" line-rate="1" branch-rate="1" complexity="1">
              <lines>
                <line number="10" hits="8" branch="False" />
              </lines>
            </method>
            <method name="get_PrintRenewalDetails" signature="()" line-rate="1" branch-rate="1" complexity="1">
              <lines>
                <line number="11" hits="6" branch="False" />
              </lines>
            </method>
          </methods>
          <lines>
            <line number="8" hits="8" branch="False" />
            <line number="9" hits="10" branch="False" />
            <line number="10" hits="8" branch="False" />
            <line number="11" hits="6" branch="False" />
          </lines>
        </class>
        <class name="GeekTrust.Models.TopUp" filename="Models/TopUp.cs" line-rate="1" branch-rate="1" complexity="1">
          <methods>
            <method name="get_NumberOfDevicesSupported" signature="()" line-rate="1" branch-rate="1" complexity="1">
              <lines>
                <line number="7" hits="36" branch="False" />
              </lines>
            </method>
          </methods>
          <lines>
            <line number="7" hits="36" branch="False" />
          </lines>
        </class>
      </classes>
    </package>
  </packages>
</coverage>